<?xml version="1.0" encoding="utf-8"?><testsuites name="pytest tests"><testsuite name="pytest" errors="0" failures="0" skipped="0" tests="15" time="10.155" timestamp="2026-03-30T11:23:07.948233+00:00" hostname="agent-env-4538c462-2af7-4f9f-897b-6d1a1cbcd1b4"><testcase classname="backend.tests.test_import_feature.TestImportFeature" name="test_preview_import_csv" time="0.784" /><testcase classname="backend.tests.test_import_feature.TestImportFeature" name="test_preview_import_returns_unmapped_columns" time="0.710" /><testcase classname="backend.tests.test_import_feature.TestImportFeature" name="test_analyze_import_with_duplicates" time="0.640" /><testcase classname="backend.tests.test_import_feature.TestImportFeature" name="test_analyze_import_no_duplicates" time="0.652" /><testcase classname="backend.tests.test_import_feature.TestImportFeature" name="test_analyze_import_with_errors" time="0.632" /><testcase classname="backend.tests.test_import_feature.TestImportFeature" name="test_batch_import_leads" time="0.729" /><testcase classname="backend.tests.test_import_feature.TestImportFeature" name="test_batch_import_empty_list" time="0.638" /><testcase classname="backend.tests.test_import_feature.TestImportFeature" name="test_resolve_duplicates_skip" time="0.640" /><testcase classname="backend.tests.test_import_feature.TestImportFeature" name="test_resolve_duplicates_overwrite" time="0.730" /><testcase classname="backend.tests.test_import_feature.TestImportFeature" name="test_resolve_duplicates_import_anyway" time="0.721" /><testcase classname="backend.tests.test_import_feature.TestImportFeature" name="test_resolve_duplicates_merge" time="0.667" /><testcase classname="backend.tests.test_import_feature.TestImportFeature" name="test_resolve_duplicates_mixed_actions" time="0.678" /><testcase classname="backend.tests.test_import_feature.TestImportFeature" name="test_legacy_import_still_works" time="0.644" /><testcase classname="backend.tests.test_import_feature.TestImportFeature" name="test_analyze_import_invalid_file" time="0.648" /><testcase classname="backend.tests.test_import_feature.TestImportFeature" name="test_resolve_with_invalid_existing_id" time="0.549" /></testsuite></testsuites>