<?xml version="1.0" encoding="utf-8"?><testsuites name="pytest tests"><testsuite name="pytest" errors="0" failures="0" skipped="0" tests="17" time="8.079" timestamp="2026-04-03T15:11:55.166826+00:00" hostname="agent-env-4538c462-2af7-4f9f-897b-6d1a1cbcd1b4"><testcase classname="tests.test_settings_feature.TestAuthProfile" name="test_update_profile_name" time="0.676" /><testcase classname="tests.test_settings_feature.TestAuthProfile" name="test_update_profile_color" time="0.601" /><testcase classname="tests.test_settings_feature.TestAuthProfile" name="test_update_profile_reject_duplicate_email" time="0.443" /><testcase classname="tests.test_settings_feature.TestAuthProfile" name="test_update_profile_no_changes" time="0.519" /><testcase classname="tests.test_settings_feature.TestAuthProfile" name="test_team_member_can_update_profile" time="0.620" /><testcase classname="tests.test_settings_feature.TestAuthPassword" name="test_change_password_wrong_current" time="0.627" /><testcase classname="tests.test_settings_feature.TestAuthPassword" name="test_change_password_short_new" time="0.597" /><testcase classname="tests.test_settings_feature.TestAuthPassword" name="test_change_password_success" time="1.730" /><testcase classname="tests.test_settings_feature.TestAppSettings" name="test_get_settings" time="0.482" /><testcase classname="tests.test_settings_feature.TestAppSettings" name="test_team_member_can_get_settings" time="0.463" /><testcase classname="tests.test_settings_feature.TestAppSettings" name="test_admin_can_toggle_duplicate_detection" time="0.570" /><testcase classname="tests.test_settings_feature.TestAppSettings" name="test_team_member_cannot_update_settings" time="0.412" /><testcase classname="tests.test_settings_feature.TestAppSettings" name="test_unauthenticated_cannot_access_settings" time="0.135" /><testcase classname="tests.test_settings_feature.TestDeploymentFiles" name="test_vercel_json_exists" time="0.000" /><testcase classname="tests.test_settings_feature.TestDeploymentFiles" name="test_railway_json_exists" time="0.000" /><testcase classname="tests.test_settings_feature.TestDeploymentFiles" name="test_procfile_exists" time="0.000" /><testcase classname="tests.test_settings_feature.TestDeploymentFiles" name="test_main_py_imports_app" time="0.000" /></testsuite></testsuites>